./pet-store-master/src/main/java/me/zhulin/shopapi/api/CartController.java
./pet-store-master/src/main/java/me/zhulin/shopapi/api/CategoryController.java
./pet-store-master/src/main/java/me/zhulin/shopapi/api/OrderController.java
./pet-store-master/src/main/java/me/zhulin/shopapi/api/ProductController.java
./pet-store-master/src/main/java/me/zhulin/shopapi/api/UserController.java
./pet-store-master/src/main/java/me/zhulin/shopapi/entity/Cart.java
./pet-store-master/src/main/java/me/zhulin/shopapi/entity/OrderMain.java
./pet-store-master/src/main/java/me/zhulin/shopapi/entity/ProductCategory.java
./pet-store-master/src/main/java/me/zhulin/shopapi/entity/ProductInfo.java
./pet-store-master/src/main/java/me/zhulin/shopapi/entity/ProductInOrder.java
./pet-store-master/src/main/java/me/zhulin/shopapi/entity/User.java
./pet-store-master/src/main/java/me/zhulin/shopapi/enums/CodeEnum.java
./pet-store-master/src/main/java/me/zhulin/shopapi/enums/OrderStatusEnum.java
./pet-store-master/src/main/java/me/zhulin/shopapi/enums/ProductStatusEnum.java
./pet-store-master/src/main/java/me/zhulin/shopapi/enums/ResultEnum.java
./pet-store-master/src/main/java/me/zhulin/shopapi/exception/MyException.java
./pet-store-master/src/main/java/me/zhulin/shopapi/form/ItemForm.java
./pet-store-master/src/main/java/me/zhulin/shopapi/repository/CartRepository.java
./pet-store-master/src/main/java/me/zhulin/shopapi/repository/OrderRepository.java
./pet-store-master/src/main/java/me/zhulin/shopapi/repository/ProductCategoryRepository.java
./pet-store-master/src/main/java/me/zhulin/shopapi/repository/ProductInfoRepository.java
./pet-store-master/src/main/java/me/zhulin/shopapi/repository/ProductInOrderRepository.java
./pet-store-master/src/main/java/me/zhulin/shopapi/repository/UserRepository.java
./pet-store-master/src/main/java/me/zhulin/shopapi/security/JWT/JwtEntryPoint.java
./pet-store-master/src/main/java/me/zhulin/shopapi/security/JWT/JwtFilter.java
./pet-store-master/src/main/java/me/zhulin/shopapi/security/JWT/JwtProvider.java
./pet-store-master/src/main/java/me/zhulin/shopapi/security/SpringSecurityConfig.java
./pet-store-master/src/main/java/me/zhulin/shopapi/service/CartService.java
./pet-store-master/src/main/java/me/zhulin/shopapi/service/CategoryService.java
./pet-store-master/src/main/java/me/zhulin/shopapi/service/impl/CartServiceImpl.java
./pet-store-master/src/main/java/me/zhulin/shopapi/service/impl/CategoryServiceImpl.java
./pet-store-master/src/main/java/me/zhulin/shopapi/service/impl/OrderServiceImpl.java
./pet-store-master/src/main/java/me/zhulin/shopapi/service/impl/ProductInOrderServiceImpl.java
./pet-store-master/src/main/java/me/zhulin/shopapi/service/impl/ProductServiceImpl.java
./pet-store-master/src/main/java/me/zhulin/shopapi/service/impl/UserServiceImpl.java
./pet-store-master/src/main/java/me/zhulin/shopapi/service/OrderService.java
./pet-store-master/src/main/java/me/zhulin/shopapi/service/ProductInOrderService.java
./pet-store-master/src/main/java/me/zhulin/shopapi/service/ProductService.java
./pet-store-master/src/main/java/me/zhulin/shopapi/service/UserService.java
./pet-store-master/src/main/java/me/zhulin/shopapi/ShopApiApplication.java
./pet-store-master/src/main/java/me/zhulin/shopapi/vo/request/LoginForm.java
./pet-store-master/src/main/java/me/zhulin/shopapi/vo/response/CategoryPage.java
./pet-store-master/src/main/java/me/zhulin/shopapi/vo/response/JwtResponse.java
./pet-store-master/src/test/java/me/zhulin/shopapi/api/CartControllerTest.java
./pet-store-master/src/test/java/me/zhulin/shopapi/service/impl/CartServiceImplTest.java
./pet-store-master/src/test/java/me/zhulin/shopapi/service/impl/CategoryServiceImplTest.java
./pet-store-master/src/test/java/me/zhulin/shopapi/service/impl/OrderServiceImplTest.java
./pet-store-master/src/test/java/me/zhulin/shopapi/service/impl/ProductInOrderServiceImplTest.java
./pet-store-master/src/test/java/me/zhulin/shopapi/service/impl/ProductServiceImplTest.java
./pet-store-master/src/test/java/me/zhulin/shopapi/service/impl/UserServiceImplTest.java
./pet-store-master/src/test/java/me/zhulin/shopapi/ShopApiApplicationTests.java
