me.zhulin.shopapi.entity.Cart	./pet-store-master/src/main/java/me/zhulin/shopapi/api/CartController.java	4
me.zhulin.shopapi.entity.ProductInOrder	./pet-store-master/src/main/java/me/zhulin/shopapi/api/CartController.java	5
me.zhulin.shopapi.entity.User	./pet-store-master/src/main/java/me/zhulin/shopapi/api/CartController.java	6
me.zhulin.shopapi.form.ItemForm	./pet-store-master/src/main/java/me/zhulin/shopapi/api/CartController.java	7
me.zhulin.shopapi.repository.ProductInOrderRepository	./pet-store-master/src/main/java/me/zhulin/shopapi/api/CartController.java	8
me.zhulin.shopapi.service.CartService	./pet-store-master/src/main/java/me/zhulin/shopapi/api/CartController.java	9
me.zhulin.shopapi.service.ProductInOrderService	./pet-store-master/src/main/java/me/zhulin/shopapi/api/CartController.java	10
me.zhulin.shopapi.service.ProductService	./pet-store-master/src/main/java/me/zhulin/shopapi/api/CartController.java	11
me.zhulin.shopapi.service.UserService	./pet-store-master/src/main/java/me/zhulin/shopapi/api/CartController.java	12
org.springframework.beans.factory.annotation.Autowired	./pet-store-master/src/main/java/me/zhulin/shopapi/api/CartController.java	13
org.springframework.http.ResponseEntity	./pet-store-master/src/main/java/me/zhulin/shopapi/api/CartController.java	14
org.springframework.transaction.annotation.Transactional	./pet-store-master/src/main/java/me/zhulin/shopapi/api/CartController.java	15
org.springframework.web.bind.annotation.*	./pet-store-master/src/main/java/me/zhulin/shopapi/api/CartController.java	16
java.security.Principal	./pet-store-master/src/main/java/me/zhulin/shopapi/api/CartController.java	18
java.util.Collection	./pet-store-master/src/main/java/me/zhulin/shopapi/api/CartController.java	19
java.util.Collections	./pet-store-master/src/main/java/me/zhulin/shopapi/api/CartController.java	20
me.zhulin.shopapi.entity.ProductCategory	./pet-store-master/src/main/java/me/zhulin/shopapi/api/CategoryController.java	4
me.zhulin.shopapi.entity.ProductInfo	./pet-store-master/src/main/java/me/zhulin/shopapi/api/CategoryController.java	5
me.zhulin.shopapi.service.CategoryService	./pet-store-master/src/main/java/me/zhulin/shopapi/api/CategoryController.java	6
me.zhulin.shopapi.service.ProductService	./pet-store-master/src/main/java/me/zhulin/shopapi/api/CategoryController.java	7
me.zhulin.shopapi.vo.response.CategoryPage	./pet-store-master/src/main/java/me/zhulin/shopapi/api/CategoryController.java	8
org.springframework.beans.factory.annotation.Autowired	./pet-store-master/src/main/java/me/zhulin/shopapi/api/CategoryController.java	9
org.springframework.data.domain.Page	./pet-store-master/src/main/java/me/zhulin/shopapi/api/CategoryController.java	10
org.springframework.data.domain.PageRequest	./pet-store-master/src/main/java/me/zhulin/shopapi/api/CategoryController.java	11
org.springframework.web.bind.annotation.*	./pet-store-master/src/main/java/me/zhulin/shopapi/api/CategoryController.java	12
jdk.incubator.httpclient	./pet-store-master/src/main/java/me/zhulin/shopapi/api/CategoryController.java	13
jdk.jsobjectjdk.sctp	./pet-store-master/src/main/java/me/zhulin/shopapi/api/CategoryController.java	14
jdk.security.jgss	./pet-store-master/src/main/java/me/zhulin/shopapi/api/CategoryController.java	15
jdk.xml.dom	./pet-store-master/src/main/java/me/zhulin/shopapi/api/CategoryController.java	16
java.xml.ws	./pet-store-master/src/main/java/me/zhulin/shopapi/api/CategoryController.java	17
java.xml.ws.annotation	./pet-store-master/src/main/java/me/zhulin/shopapi/api/CategoryController.java	18
java.xml.crypto	./pet-store-master/src/main/java/me/zhulin/shopapi/api/CategoryController.java	19
me.zhulin.shopapi.entity.OrderMain	./pet-store-master/src/main/java/me/zhulin/shopapi/api/OrderController.java	4
me.zhulin.shopapi.entity.ProductInOrder	./pet-store-master/src/main/java/me/zhulin/shopapi/api/OrderController.java	5
me.zhulin.shopapi.service.OrderService	./pet-store-master/src/main/java/me/zhulin/shopapi/api/OrderController.java	6
me.zhulin.shopapi.service.UserService	./pet-store-master/src/main/java/me/zhulin/shopapi/api/OrderController.java	7
org.springframework.beans.factory.annotation.Autowired	./pet-store-master/src/main/java/me/zhulin/shopapi/api/OrderController.java	8
org.springframework.data.domain.Page	./pet-store-master/src/main/java/me/zhulin/shopapi/api/OrderController.java	9
org.springframework.data.domain.PageRequest	./pet-store-master/src/main/java/me/zhulin/shopapi/api/OrderController.java	10
org.springframework.http.HttpStatus	./pet-store-master/src/main/java/me/zhulin/shopapi/api/OrderController.java	11
org.springframework.http.ResponseEntity	./pet-store-master/src/main/java/me/zhulin/shopapi/api/OrderController.java	12
org.springframework.security.core.Authentication	./pet-store-master/src/main/java/me/zhulin/shopapi/api/OrderController.java	13
org.springframework.security.core.authority.SimpleGrantedAuthority	./pet-store-master/src/main/java/me/zhulin/shopapi/api/OrderController.java	14
org.springframework.web.bind.annotation.*	./pet-store-master/src/main/java/me/zhulin/shopapi/api/OrderController.java	15
java.util.Collection	./pet-store-master/src/main/java/me/zhulin/shopapi/api/OrderController.java	17
me.zhulin.shopapi.entity.ProductInfo	./pet-store-master/src/main/java/me/zhulin/shopapi/api/ProductController.java	3
me.zhulin.shopapi.service.CategoryService	./pet-store-master/src/main/java/me/zhulin/shopapi/api/ProductController.java	4
me.zhulin.shopapi.service.ProductService	./pet-store-master/src/main/java/me/zhulin/shopapi/api/ProductController.java	5
org.springframework.beans.factory.annotation.Autowired	./pet-store-master/src/main/java/me/zhulin/shopapi/api/ProductController.java	6
org.springframework.data.domain.Page	./pet-store-master/src/main/java/me/zhulin/shopapi/api/ProductController.java	7
org.springframework.data.domain.PageRequest	./pet-store-master/src/main/java/me/zhulin/shopapi/api/ProductController.java	8
org.springframework.http.ResponseEntity	./pet-store-master/src/main/java/me/zhulin/shopapi/api/ProductController.java	9
org.springframework.validation.BindingResult	./pet-store-master/src/main/java/me/zhulin/shopapi/api/ProductController.java	10
org.springframework.web.bind.annotation.*	./pet-store-master/src/main/java/me/zhulin/shopapi/api/ProductController.java	11
javax.validation.Valid	./pet-store-master/src/main/java/me/zhulin/shopapi/api/ProductController.java	13
me.zhulin.shopapi.entity.User	./pet-store-master/src/main/java/me/zhulin/shopapi/api/UserController.java	3
me.zhulin.shopapi.security.JWT.JwtProvider	./pet-store-master/src/main/java/me/zhulin/shopapi/api/UserController.java	4
me.zhulin.shopapi.service.UserService	./pet-store-master/src/main/java/me/zhulin/shopapi/api/UserController.java	5
me.zhulin.shopapi.vo.request.LoginForm	./pet-store-master/src/main/java/me/zhulin/shopapi/api/UserController.java	6
me.zhulin.shopapi.vo.response.JwtResponse	./pet-store-master/src/main/java/me/zhulin/shopapi/api/UserController.java	7
org.springframework.beans.factory.annotation.Autowired	./pet-store-master/src/main/java/me/zhulin/shopapi/api/UserController.java	8
org.springframework.http.HttpStatus	./pet-store-master/src/main/java/me/zhulin/shopapi/api/UserController.java	9
org.springframework.http.ResponseEntity	./pet-store-master/src/main/java/me/zhulin/shopapi/api/UserController.java	10
org.springframework.security.authentication.AuthenticationManager	./pet-store-master/src/main/java/me/zhulin/shopapi/api/UserController.java	11
org.springframework.security.authentication.UsernamePasswordAuthenticationToken	./pet-store-master/src/main/java/me/zhulin/shopapi/api/UserController.java	12
org.springframework.security.core.Authentication	./pet-store-master/src/main/java/me/zhulin/shopapi/api/UserController.java	13
org.springframework.security.core.AuthenticationException	./pet-store-master/src/main/java/me/zhulin/shopapi/api/UserController.java	14
org.springframework.security.core.context.SecurityContextHolder	./pet-store-master/src/main/java/me/zhulin/shopapi/api/UserController.java	15
org.springframework.security.core.userdetails.UserDetails	./pet-store-master/src/main/java/me/zhulin/shopapi/api/UserController.java	16
org.springframework.web.bind.annotation.*	./pet-store-master/src/main/java/me/zhulin/shopapi/api/UserController.java	17
java.security.Principal	./pet-store-master/src/main/java/me/zhulin/shopapi/api/UserController.java	19
com.fasterxml.jackson.annotation.JsonIgnore	./pet-store-master/src/main/java/me/zhulin/shopapi/entity/Cart.java	3
lombok.Data	./pet-store-master/src/main/java/me/zhulin/shopapi/entity/Cart.java	4
lombok.NoArgsConstructor	./pet-store-master/src/main/java/me/zhulin/shopapi/entity/Cart.java	5
javax.persistence.*	./pet-store-master/src/main/java/me/zhulin/shopapi/entity/Cart.java	7
javax.validation.constraints.NotNull	./pet-store-master/src/main/java/me/zhulin/shopapi/entity/Cart.java	8
java.io.Serializable	./pet-store-master/src/main/java/me/zhulin/shopapi/entity/Cart.java	9
java.util.HashSet	./pet-store-master/src/main/java/me/zhulin/shopapi/entity/Cart.java	10
java.util.Set	./pet-store-master/src/main/java/me/zhulin/shopapi/entity/Cart.java	11
lombok.Data	./pet-store-master/src/main/java/me/zhulin/shopapi/entity/OrderMain.java	3
lombok.NoArgsConstructor	./pet-store-master/src/main/java/me/zhulin/shopapi/entity/OrderMain.java	4
org.hibernate.annotations.ColumnDefault	./pet-store-master/src/main/java/me/zhulin/shopapi/entity/OrderMain.java	5
org.hibernate.annotations.CreationTimestamp	./pet-store-master/src/main/java/me/zhulin/shopapi/entity/OrderMain.java	6
org.hibernate.annotations.DynamicUpdate	./pet-store-master/src/main/java/me/zhulin/shopapi/entity/OrderMain.java	7
org.hibernate.annotations.UpdateTimestamp	./pet-store-master/src/main/java/me/zhulin/shopapi/entity/OrderMain.java	8
javax.persistence.*	./pet-store-master/src/main/java/me/zhulin/shopapi/entity/OrderMain.java	10
javax.validation.constraints.NotEmpty	./pet-store-master/src/main/java/me/zhulin/shopapi/entity/OrderMain.java	11
javax.validation.constraints.NotNull	./pet-store-master/src/main/java/me/zhulin/shopapi/entity/OrderMain.java	12
java.io.Serializable	./pet-store-master/src/main/java/me/zhulin/shopapi/entity/OrderMain.java	13
java.math.BigDecimal	./pet-store-master/src/main/java/me/zhulin/shopapi/entity/OrderMain.java	14
java.time.LocalDateTime	./pet-store-master/src/main/java/me/zhulin/shopapi/entity/OrderMain.java	15
java.util.HashSet	./pet-store-master/src/main/java/me/zhulin/shopapi/entity/OrderMain.java	16
java.util.Set	./pet-store-master/src/main/java/me/zhulin/shopapi/entity/OrderMain.java	17
jdk.nashorn.api.scripting.AbstractJSObject	./pet-store-master/src/main/java/me/zhulin/shopapi/entity/OrderMain.java	18
java.util.jar.Pack200.Packer	./pet-store-master/src/main/java/me/zhulin/shopapi/entity/OrderMain.java	19
java.util.jar.Pack200.Unpacker	./pet-store-master/src/main/java/me/zhulin/shopapi/entity/OrderMain.java	20
org.omg.CORBA.DynStruct	./pet-store-master/src/main/java/me/zhulin/shopapi/entity/OrderMain.java	21
lombok.Data	./pet-store-master/src/main/java/me/zhulin/shopapi/entity/ProductCategory.java	3
org.hibernate.annotations.DynamicUpdate	./pet-store-master/src/main/java/me/zhulin/shopapi/entity/ProductCategory.java	4
org.hibernate.annotations.NaturalId	./pet-store-master/src/main/java/me/zhulin/shopapi/entity/ProductCategory.java	5
javax.persistence.Entity	./pet-store-master/src/main/java/me/zhulin/shopapi/entity/ProductCategory.java	7
javax.persistence.GeneratedValue	./pet-store-master/src/main/java/me/zhulin/shopapi/entity/ProductCategory.java	8
javax.persistence.Id	./pet-store-master/src/main/java/me/zhulin/shopapi/entity/ProductCategory.java	9
java.io.Serializable	./pet-store-master/src/main/java/me/zhulin/shopapi/entity/ProductCategory.java	10
java.util.Date	./pet-store-master/src/main/java/me/zhulin/shopapi/entity/ProductCategory.java	11
lombok.Data	./pet-store-master/src/main/java/me/zhulin/shopapi/entity/ProductInfo.java	3
org.hibernate.annotations.ColumnDefault	./pet-store-master/src/main/java/me/zhulin/shopapi/entity/ProductInfo.java	4
org.hibernate.annotations.CreationTimestamp	./pet-store-master/src/main/java/me/zhulin/shopapi/entity/ProductInfo.java	5
org.hibernate.annotations.DynamicUpdate	./pet-store-master/src/main/java/me/zhulin/shopapi/entity/ProductInfo.java	6
org.hibernate.annotations.UpdateTimestamp	./pet-store-master/src/main/java/me/zhulin/shopapi/entity/ProductInfo.java	7
javax.persistence.Entity	./pet-store-master/src/main/java/me/zhulin/shopapi/entity/ProductInfo.java	9
javax.persistence.Id	./pet-store-master/src/main/java/me/zhulin/shopapi/entity/ProductInfo.java	10
javax.validation.constraints.Min	./pet-store-master/src/main/java/me/zhulin/shopapi/entity/ProductInfo.java	11
javax.validation.constraints.NotNull	./pet-store-master/src/main/java/me/zhulin/shopapi/entity/ProductInfo.java	12
java.io.Serializable	./pet-store-master/src/main/java/me/zhulin/shopapi/entity/ProductInfo.java	13
java.math.BigDecimal	./pet-store-master/src/main/java/me/zhulin/shopapi/entity/ProductInfo.java	14
java.util.Date	./pet-store-master/src/main/java/me/zhulin/shopapi/entity/ProductInfo.java	15
com.fasterxml.jackson.annotation.JsonIgnore	./pet-store-master/src/main/java/me/zhulin/shopapi/entity/ProductInOrder.java	3
lombok.Data	./pet-store-master/src/main/java/me/zhulin/shopapi/entity/ProductInOrder.java	4
lombok.NoArgsConstructor	./pet-store-master/src/main/java/me/zhulin/shopapi/entity/ProductInOrder.java	5
javax.persistence.*	./pet-store-master/src/main/java/me/zhulin/shopapi/entity/ProductInOrder.java	7
javax.validation.constraints.Min	./pet-store-master/src/main/java/me/zhulin/shopapi/entity/ProductInOrder.java	8
javax.validation.constraints.NotEmpty	./pet-store-master/src/main/java/me/zhulin/shopapi/entity/ProductInOrder.java	9
javax.validation.constraints.NotNull	./pet-store-master/src/main/java/me/zhulin/shopapi/entity/ProductInOrder.java	10
java.math.BigDecimal	./pet-store-master/src/main/java/me/zhulin/shopapi/entity/ProductInOrder.java	11
java.util.Objects	./pet-store-master/src/main/java/me/zhulin/shopapi/entity/ProductInOrder.java	12
com.fasterxml.jackson.annotation.JsonIgnore	./pet-store-master/src/main/java/me/zhulin/shopapi/entity/User.java	3
lombok.Data	./pet-store-master/src/main/java/me/zhulin/shopapi/entity/User.java	4
lombok.NoArgsConstructor	./pet-store-master/src/main/java/me/zhulin/shopapi/entity/User.java	5
org.hibernate.annotations.NaturalId	./pet-store-master/src/main/java/me/zhulin/shopapi/entity/User.java	6
javax.persistence.*	./pet-store-master/src/main/java/me/zhulin/shopapi/entity/User.java	8
javax.validation.constraints.NotEmpty	./pet-store-master/src/main/java/me/zhulin/shopapi/entity/User.java	9
javax.validation.constraints.NotNull	./pet-store-master/src/main/java/me/zhulin/shopapi/entity/User.java	10
javax.validation.constraints.Size	./pet-store-master/src/main/java/me/zhulin/shopapi/entity/User.java	11
java.io.Serializable	./pet-store-master/src/main/java/me/zhulin/shopapi/entity/User.java	12
lombok.Getter	./pet-store-master/src/main/java/me/zhulin/shopapi/enums/ProductStatusEnum.java	3
lombok.Getter	./pet-store-master/src/main/java/me/zhulin/shopapi/enums/ResultEnum.java	3
me.zhulin.shopapi.enums.ResultEnum	./pet-store-master/src/main/java/me/zhulin/shopapi/exception/MyException.java	4
lombok.Data	./pet-store-master/src/main/java/me/zhulin/shopapi/form/ItemForm.java	3
javax.validation.constraints.Min	./pet-store-master/src/main/java/me/zhulin/shopapi/form/ItemForm.java	5
javax.validation.constraints.NotEmpty	./pet-store-master/src/main/java/me/zhulin/shopapi/form/ItemForm.java	6
me.zhulin.shopapi.entity.Cart	./pet-store-master/src/main/java/me/zhulin/shopapi/repository/CartRepository.java	3
org.springframework.data.jpa.repository.JpaRepository	./pet-store-master/src/main/java/me/zhulin/shopapi/repository/CartRepository.java	4
org.springframework.stereotype.Repository	./pet-store-master/src/main/java/me/zhulin/shopapi/repository/CartRepository.java	5
me.zhulin.shopapi.entity.OrderMain	./pet-store-master/src/main/java/me/zhulin/shopapi/repository/OrderRepository.java	4
org.springframework.data.domain.Page	./pet-store-master/src/main/java/me/zhulin/shopapi/repository/OrderRepository.java	5
org.springframework.data.domain.Pageable	./pet-store-master/src/main/java/me/zhulin/shopapi/repository/OrderRepository.java	6
org.springframework.data.jpa.repository.JpaRepository	./pet-store-master/src/main/java/me/zhulin/shopapi/repository/OrderRepository.java	7
me.zhulin.shopapi.entity.ProductCategory	./pet-store-master/src/main/java/me/zhulin/shopapi/repository/ProductCategoryRepository.java	3
org.springframework.data.jpa.repository.JpaRepository	./pet-store-master/src/main/java/me/zhulin/shopapi/repository/ProductCategoryRepository.java	4
java.util.List	./pet-store-master/src/main/java/me/zhulin/shopapi/repository/ProductCategoryRepository.java	6
me.zhulin.shopapi.entity.ProductInfo	./pet-store-master/src/main/java/me/zhulin/shopapi/repository/ProductInfoRepository.java	3
org.springframework.data.domain.Page	./pet-store-master/src/main/java/me/zhulin/shopapi/repository/ProductInfoRepository.java	4
org.springframework.data.domain.Pageable	./pet-store-master/src/main/java/me/zhulin/shopapi/repository/ProductInfoRepository.java	5
org.springframework.data.jpa.repository.JpaRepository	./pet-store-master/src/main/java/me/zhulin/shopapi/repository/ProductInfoRepository.java	6
me.zhulin.shopapi.entity.ProductInOrder	./pet-store-master/src/main/java/me/zhulin/shopapi/repository/ProductInOrderRepository.java	3
org.springframework.data.jpa.repository.JpaRepository	./pet-store-master/src/main/java/me/zhulin/shopapi/repository/ProductInOrderRepository.java	4
me.zhulin.shopapi.entity.User	./pet-store-master/src/main/java/me/zhulin/shopapi/repository/UserRepository.java	4
org.springframework.data.jpa.repository.JpaRepository	./pet-store-master/src/main/java/me/zhulin/shopapi/repository/UserRepository.java	5
java.util.Collection	./pet-store-master/src/main/java/me/zhulin/shopapi/repository/UserRepository.java	7
org.slf4j.Logger	./pet-store-master/src/main/java/me/zhulin/shopapi/security/JWT/JwtEntryPoint.java	3
org.slf4j.LoggerFactory	./pet-store-master/src/main/java/me/zhulin/shopapi/security/JWT/JwtEntryPoint.java	4
org.springframework.http.HttpStatus	./pet-store-master/src/main/java/me/zhulin/shopapi/security/JWT/JwtEntryPoint.java	5
org.springframework.security.core.AuthenticationException	./pet-store-master/src/main/java/me/zhulin/shopapi/security/JWT/JwtEntryPoint.java	6
org.springframework.security.web.AuthenticationEntryPoint	./pet-store-master/src/main/java/me/zhulin/shopapi/security/JWT/JwtEntryPoint.java	7
org.springframework.stereotype.Component	./pet-store-master/src/main/java/me/zhulin/shopapi/security/JWT/JwtEntryPoint.java	8
javax.servlet.http.HttpServletRequest	./pet-store-master/src/main/java/me/zhulin/shopapi/security/JWT/JwtEntryPoint.java	10
javax.servlet.http.HttpServletResponse	./pet-store-master/src/main/java/me/zhulin/shopapi/security/JWT/JwtEntryPoint.java	11
java.io.IOException	./pet-store-master/src/main/java/me/zhulin/shopapi/security/JWT/JwtEntryPoint.java	12
me.zhulin.shopapi.entity.User	./pet-store-master/src/main/java/me/zhulin/shopapi/security/JWT/JwtFilter.java	3
me.zhulin.shopapi.service.UserService	./pet-store-master/src/main/java/me/zhulin/shopapi/security/JWT/JwtFilter.java	4
org.springframework.beans.factory.annotation.Autowired	./pet-store-master/src/main/java/me/zhulin/shopapi/security/JWT/JwtFilter.java	5
org.springframework.security.authentication.UsernamePasswordAuthenticationToken	./pet-store-master/src/main/java/me/zhulin/shopapi/security/JWT/JwtFilter.java	6
org.springframework.security.core.authority.SimpleGrantedAuthority	./pet-store-master/src/main/java/me/zhulin/shopapi/security/JWT/JwtFilter.java	7
org.springframework.security.core.context.SecurityContextHolder	./pet-store-master/src/main/java/me/zhulin/shopapi/security/JWT/JwtFilter.java	8
org.springframework.stereotype.Component	./pet-store-master/src/main/java/me/zhulin/shopapi/security/JWT/JwtFilter.java	9
org.springframework.web.filter.OncePerRequestFilter	./pet-store-master/src/main/java/me/zhulin/shopapi/security/JWT/JwtFilter.java	10
javax.servlet.FilterChain	./pet-store-master/src/main/java/me/zhulin/shopapi/security/JWT/JwtFilter.java	12
javax.servlet.ServletException	./pet-store-master/src/main/java/me/zhulin/shopapi/security/JWT/JwtFilter.java	13
javax.servlet.http.HttpServletRequest	./pet-store-master/src/main/java/me/zhulin/shopapi/security/JWT/JwtFilter.java	14
javax.servlet.http.HttpServletResponse	./pet-store-master/src/main/java/me/zhulin/shopapi/security/JWT/JwtFilter.java	15
java.io.IOException	./pet-store-master/src/main/java/me/zhulin/shopapi/security/JWT/JwtFilter.java	16
java.util.ArrayList	./pet-store-master/src/main/java/me/zhulin/shopapi/security/JWT/JwtFilter.java	17
io.jsonwebtoken.Jwts	./pet-store-master/src/main/java/me/zhulin/shopapi/security/JWT/JwtProvider.java	3
io.jsonwebtoken.SignatureAlgorithm	./pet-store-master/src/main/java/me/zhulin/shopapi/security/JWT/JwtProvider.java	4
org.slf4j.Logger	./pet-store-master/src/main/java/me/zhulin/shopapi/security/JWT/JwtProvider.java	5
org.slf4j.LoggerFactory	./pet-store-master/src/main/java/me/zhulin/shopapi/security/JWT/JwtProvider.java	6
org.springframework.beans.factory.annotation.Value	./pet-store-master/src/main/java/me/zhulin/shopapi/security/JWT/JwtProvider.java	7
org.springframework.security.core.Authentication	./pet-store-master/src/main/java/me/zhulin/shopapi/security/JWT/JwtProvider.java	8
org.springframework.security.core.userdetails.UserDetails	./pet-store-master/src/main/java/me/zhulin/shopapi/security/JWT/JwtProvider.java	9
org.springframework.stereotype.Component	./pet-store-master/src/main/java/me/zhulin/shopapi/security/JWT/JwtProvider.java	10
java.util.Date	./pet-store-master/src/main/java/me/zhulin/shopapi/security/JWT/JwtProvider.java	12
me.zhulin.shopapi.security.JWT.JwtEntryPoint	./pet-store-master/src/main/java/me/zhulin/shopapi/security/SpringSecurityConfig.java	3
me.zhulin.shopapi.security.JWT.JwtFilter	./pet-store-master/src/main/java/me/zhulin/shopapi/security/SpringSecurityConfig.java	4
org.springframework.beans.factory.annotation.Autowired	./pet-store-master/src/main/java/me/zhulin/shopapi/security/SpringSecurityConfig.java	5
org.springframework.beans.factory.annotation.Qualifier	./pet-store-master/src/main/java/me/zhulin/shopapi/security/SpringSecurityConfig.java	6
org.springframework.beans.factory.annotation.Value	./pet-store-master/src/main/java/me/zhulin/shopapi/security/SpringSecurityConfig.java	7
org.springframework.context.annotation.Bean	./pet-store-master/src/main/java/me/zhulin/shopapi/security/SpringSecurityConfig.java	8
org.springframework.context.annotation.Configuration	./pet-store-master/src/main/java/me/zhulin/shopapi/security/SpringSecurityConfig.java	9
org.springframework.context.annotation.DependsOn	./pet-store-master/src/main/java/me/zhulin/shopapi/security/SpringSecurityConfig.java	10
org.springframework.security.authentication.AuthenticationManager	./pet-store-master/src/main/java/me/zhulin/shopapi/security/SpringSecurityConfig.java	11
org.springframework.security.config.annotation.authentication.builders.AuthenticationManagerBuilder	./pet-store-master/src/main/java/me/zhulin/shopapi/security/SpringSecurityConfig.java	12
org.springframework.security.config.annotation.web.builders.HttpSecurity	./pet-store-master/src/main/java/me/zhulin/shopapi/security/SpringSecurityConfig.java	13
org.springframework.security.config.annotation.web.configuration.EnableWebSecurity	./pet-store-master/src/main/java/me/zhulin/shopapi/security/SpringSecurityConfig.java	14
org.springframework.security.config.annotation.web.configuration.WebSecurityConfigurerAdapter	./pet-store-master/src/main/java/me/zhulin/shopapi/security/SpringSecurityConfig.java	15
org.springframework.security.config.http.SessionCreationPolicy	./pet-store-master/src/main/java/me/zhulin/shopapi/security/SpringSecurityConfig.java	16
org.springframework.security.crypto.password.PasswordEncoder	./pet-store-master/src/main/java/me/zhulin/shopapi/security/SpringSecurityConfig.java	17
org.springframework.security.web.authentication.UsernamePasswordAuthenticationFilter	./pet-store-master/src/main/java/me/zhulin/shopapi/security/SpringSecurityConfig.java	18
javax.sql.DataSource	./pet-store-master/src/main/java/me/zhulin/shopapi/security/SpringSecurityConfig.java	20
me.zhulin.shopapi.entity.ProductCategory	./pet-store-master/src/main/java/me/zhulin/shopapi/service/CategoryService.java	3
java.util.List	./pet-store-master/src/main/java/me/zhulin/shopapi/service/CategoryService.java	5
me.zhulin.shopapi.entity.Cart	./pet-store-master/src/main/java/me/zhulin/shopapi/service/impl/CartServiceImpl.java	4
me.zhulin.shopapi.entity.OrderMain	./pet-store-master/src/main/java/me/zhulin/shopapi/service/impl/CartServiceImpl.java	5
me.zhulin.shopapi.entity.ProductInOrder	./pet-store-master/src/main/java/me/zhulin/shopapi/service/impl/CartServiceImpl.java	6
me.zhulin.shopapi.entity.User	./pet-store-master/src/main/java/me/zhulin/shopapi/service/impl/CartServiceImpl.java	7
me.zhulin.shopapi.enums.ResultEnum	./pet-store-master/src/main/java/me/zhulin/shopapi/service/impl/CartServiceImpl.java	8
me.zhulin.shopapi.exception.MyException	./pet-store-master/src/main/java/me/zhulin/shopapi/service/impl/CartServiceImpl.java	9
me.zhulin.shopapi.repository.CartRepository	./pet-store-master/src/main/java/me/zhulin/shopapi/service/impl/CartServiceImpl.java	10
me.zhulin.shopapi.repository.OrderRepository	./pet-store-master/src/main/java/me/zhulin/shopapi/service/impl/CartServiceImpl.java	11
me.zhulin.shopapi.repository.ProductInOrderRepository	./pet-store-master/src/main/java/me/zhulin/shopapi/service/impl/CartServiceImpl.java	12
me.zhulin.shopapi.repository.UserRepository	./pet-store-master/src/main/java/me/zhulin/shopapi/service/impl/CartServiceImpl.java	13
me.zhulin.shopapi.service.CartService	./pet-store-master/src/main/java/me/zhulin/shopapi/service/impl/CartServiceImpl.java	14
me.zhulin.shopapi.service.ProductService	./pet-store-master/src/main/java/me/zhulin/shopapi/service/impl/CartServiceImpl.java	15
me.zhulin.shopapi.service.UserService	./pet-store-master/src/main/java/me/zhulin/shopapi/service/impl/CartServiceImpl.java	16
org.springframework.beans.factory.annotation.Autowired	./pet-store-master/src/main/java/me/zhulin/shopapi/service/impl/CartServiceImpl.java	17
org.springframework.stereotype.Service	./pet-store-master/src/main/java/me/zhulin/shopapi/service/impl/CartServiceImpl.java	18
org.springframework.transaction.annotation.Transactional	./pet-store-master/src/main/java/me/zhulin/shopapi/service/impl/CartServiceImpl.java	19
java.util.Collection	./pet-store-master/src/main/java/me/zhulin/shopapi/service/impl/CartServiceImpl.java	21
java.util.Optional	./pet-store-master/src/main/java/me/zhulin/shopapi/service/impl/CartServiceImpl.java	22
java.util.Set	./pet-store-master/src/main/java/me/zhulin/shopapi/service/impl/CartServiceImpl.java	23
me.zhulin.shopapi.entity.ProductCategory	./pet-store-master/src/main/java/me/zhulin/shopapi/service/impl/CategoryServiceImpl.java	4
me.zhulin.shopapi.enums.ResultEnum	./pet-store-master/src/main/java/me/zhulin/shopapi/service/impl/CategoryServiceImpl.java	5
me.zhulin.shopapi.exception.MyException	./pet-store-master/src/main/java/me/zhulin/shopapi/service/impl/CategoryServiceImpl.java	6
me.zhulin.shopapi.repository.ProductCategoryRepository	./pet-store-master/src/main/java/me/zhulin/shopapi/service/impl/CategoryServiceImpl.java	7
me.zhulin.shopapi.service.CategoryService	./pet-store-master/src/main/java/me/zhulin/shopapi/service/impl/CategoryServiceImpl.java	8
org.springframework.beans.factory.annotation.Autowired	./pet-store-master/src/main/java/me/zhulin/shopapi/service/impl/CategoryServiceImpl.java	9
org.springframework.stereotype.Service	./pet-store-master/src/main/java/me/zhulin/shopapi/service/impl/CategoryServiceImpl.java	10
org.springframework.transaction.annotation.Transactional	./pet-store-master/src/main/java/me/zhulin/shopapi/service/impl/CategoryServiceImpl.java	11
java.util.List	./pet-store-master/src/main/java/me/zhulin/shopapi/service/impl/CategoryServiceImpl.java	13
me.zhulin.shopapi.entity.OrderMain	./pet-store-master/src/main/java/me/zhulin/shopapi/service/impl/OrderServiceImpl.java	4
me.zhulin.shopapi.entity.ProductInOrder	./pet-store-master/src/main/java/me/zhulin/shopapi/service/impl/OrderServiceImpl.java	5
me.zhulin.shopapi.entity.ProductInfo	./pet-store-master/src/main/java/me/zhulin/shopapi/service/impl/OrderServiceImpl.java	6
me.zhulin.shopapi.enums.OrderStatusEnum	./pet-store-master/src/main/java/me/zhulin/shopapi/service/impl/OrderServiceImpl.java	7
me.zhulin.shopapi.enums.ResultEnum	./pet-store-master/src/main/java/me/zhulin/shopapi/service/impl/OrderServiceImpl.java	8
me.zhulin.shopapi.exception.MyException	./pet-store-master/src/main/java/me/zhulin/shopapi/service/impl/OrderServiceImpl.java	9
me.zhulin.shopapi.repository.OrderRepository	./pet-store-master/src/main/java/me/zhulin/shopapi/service/impl/OrderServiceImpl.java	10
me.zhulin.shopapi.repository.ProductInOrderRepository	./pet-store-master/src/main/java/me/zhulin/shopapi/service/impl/OrderServiceImpl.java	11
me.zhulin.shopapi.repository.ProductInfoRepository	./pet-store-master/src/main/java/me/zhulin/shopapi/service/impl/OrderServiceImpl.java	12
me.zhulin.shopapi.repository.UserRepository	./pet-store-master/src/main/java/me/zhulin/shopapi/service/impl/OrderServiceImpl.java	13
me.zhulin.shopapi.service.OrderService	./pet-store-master/src/main/java/me/zhulin/shopapi/service/impl/OrderServiceImpl.java	14
me.zhulin.shopapi.service.ProductService	./pet-store-master/src/main/java/me/zhulin/shopapi/service/impl/OrderServiceImpl.java	15
org.springframework.beans.factory.annotation.Autowired	./pet-store-master/src/main/java/me/zhulin/shopapi/service/impl/OrderServiceImpl.java	16
org.springframework.data.domain.Page	./pet-store-master/src/main/java/me/zhulin/shopapi/service/impl/OrderServiceImpl.java	17
org.springframework.data.domain.Pageable	./pet-store-master/src/main/java/me/zhulin/shopapi/service/impl/OrderServiceImpl.java	18
org.springframework.stereotype.Service	./pet-store-master/src/main/java/me/zhulin/shopapi/service/impl/OrderServiceImpl.java	19
org.springframework.transaction.annotation.Transactional	./pet-store-master/src/main/java/me/zhulin/shopapi/service/impl/OrderServiceImpl.java	20
me.zhulin.shopapi.entity.ProductInOrder	./pet-store-master/src/main/java/me/zhulin/shopapi/service/impl/ProductInOrderServiceImpl.java	3
me.zhulin.shopapi.entity.User	./pet-store-master/src/main/java/me/zhulin/shopapi/service/impl/ProductInOrderServiceImpl.java	4
me.zhulin.shopapi.repository.ProductInOrderRepository	./pet-store-master/src/main/java/me/zhulin/shopapi/service/impl/ProductInOrderServiceImpl.java	5
me.zhulin.shopapi.service.ProductInOrderService	./pet-store-master/src/main/java/me/zhulin/shopapi/service/impl/ProductInOrderServiceImpl.java	6
org.springframework.beans.factory.annotation.Autowired	./pet-store-master/src/main/java/me/zhulin/shopapi/service/impl/ProductInOrderServiceImpl.java	7
org.springframework.stereotype.Service	./pet-store-master/src/main/java/me/zhulin/shopapi/service/impl/ProductInOrderServiceImpl.java	8
org.springframework.transaction.annotation.Transactional	./pet-store-master/src/main/java/me/zhulin/shopapi/service/impl/ProductInOrderServiceImpl.java	9
java.util.concurrent.atomic.AtomicReference	./pet-store-master/src/main/java/me/zhulin/shopapi/service/impl/ProductInOrderServiceImpl.java	11
me.zhulin.shopapi.entity.ProductInfo	./pet-store-master/src/main/java/me/zhulin/shopapi/service/impl/ProductServiceImpl.java	4
me.zhulin.shopapi.enums.ProductStatusEnum	./pet-store-master/src/main/java/me/zhulin/shopapi/service/impl/ProductServiceImpl.java	5
me.zhulin.shopapi.enums.ResultEnum	./pet-store-master/src/main/java/me/zhulin/shopapi/service/impl/ProductServiceImpl.java	6
me.zhulin.shopapi.exception.MyException	./pet-store-master/src/main/java/me/zhulin/shopapi/service/impl/ProductServiceImpl.java	7
me.zhulin.shopapi.repository.ProductInfoRepository	./pet-store-master/src/main/java/me/zhulin/shopapi/service/impl/ProductServiceImpl.java	8
me.zhulin.shopapi.service.CategoryService	./pet-store-master/src/main/java/me/zhulin/shopapi/service/impl/ProductServiceImpl.java	9
me.zhulin.shopapi.service.ProductService	./pet-store-master/src/main/java/me/zhulin/shopapi/service/impl/ProductServiceImpl.java	10
org.springframework.beans.factory.annotation.Autowired	./pet-store-master/src/main/java/me/zhulin/shopapi/service/impl/ProductServiceImpl.java	11
org.springframework.data.domain.Page	./pet-store-master/src/main/java/me/zhulin/shopapi/service/impl/ProductServiceImpl.java	12
org.springframework.data.domain.Pageable	./pet-store-master/src/main/java/me/zhulin/shopapi/service/impl/ProductServiceImpl.java	13
org.springframework.stereotype.Service	./pet-store-master/src/main/java/me/zhulin/shopapi/service/impl/ProductServiceImpl.java	14
org.springframework.transaction.annotation.Transactional	./pet-store-master/src/main/java/me/zhulin/shopapi/service/impl/ProductServiceImpl.java	15
me.zhulin.shopapi.entity.Cart	./pet-store-master/src/main/java/me/zhulin/shopapi/service/impl/UserServiceImpl.java	4
me.zhulin.shopapi.entity.User	./pet-store-master/src/main/java/me/zhulin/shopapi/service/impl/UserServiceImpl.java	5
me.zhulin.shopapi.enums.ResultEnum	./pet-store-master/src/main/java/me/zhulin/shopapi/service/impl/UserServiceImpl.java	6
me.zhulin.shopapi.exception.MyException	./pet-store-master/src/main/java/me/zhulin/shopapi/service/impl/UserServiceImpl.java	7
me.zhulin.shopapi.repository.CartRepository	./pet-store-master/src/main/java/me/zhulin/shopapi/service/impl/UserServiceImpl.java	8
me.zhulin.shopapi.repository.UserRepository	./pet-store-master/src/main/java/me/zhulin/shopapi/service/impl/UserServiceImpl.java	9
me.zhulin.shopapi.service.UserService	./pet-store-master/src/main/java/me/zhulin/shopapi/service/impl/UserServiceImpl.java	10
org.springframework.beans.factory.annotation.Autowired	./pet-store-master/src/main/java/me/zhulin/shopapi/service/impl/UserServiceImpl.java	11
org.springframework.context.annotation.DependsOn	./pet-store-master/src/main/java/me/zhulin/shopapi/service/impl/UserServiceImpl.java	12
org.springframework.security.crypto.password.PasswordEncoder	./pet-store-master/src/main/java/me/zhulin/shopapi/service/impl/UserServiceImpl.java	13
org.springframework.stereotype.Service	./pet-store-master/src/main/java/me/zhulin/shopapi/service/impl/UserServiceImpl.java	14
org.springframework.transaction.annotation.Transactional	./pet-store-master/src/main/java/me/zhulin/shopapi/service/impl/UserServiceImpl.java	15
java.util.Collection	./pet-store-master/src/main/java/me/zhulin/shopapi/service/impl/UserServiceImpl.java	17
me.zhulin.shopapi.entity.OrderMain	./pet-store-master/src/main/java/me/zhulin/shopapi/service/OrderService.java	4
org.springframework.data.domain.Page	./pet-store-master/src/main/java/me/zhulin/shopapi/service/OrderService.java	5
org.springframework.data.domain.Pageable	./pet-store-master/src/main/java/me/zhulin/shopapi/service/OrderService.java	6
me.zhulin.shopapi.entity.ProductInOrder	./pet-store-master/src/main/java/me/zhulin/shopapi/service/ProductInOrderService.java	3
me.zhulin.shopapi.entity.User	./pet-store-master/src/main/java/me/zhulin/shopapi/service/ProductInOrderService.java	4
me.zhulin.shopapi.entity.ProductInfo	./pet-store-master/src/main/java/me/zhulin/shopapi/service/ProductService.java	4
org.springframework.data.domain.Page	./pet-store-master/src/main/java/me/zhulin/shopapi/service/ProductService.java	5
org.springframework.data.domain.Pageable	./pet-store-master/src/main/java/me/zhulin/shopapi/service/ProductService.java	6
me.zhulin.shopapi.entity.User	./pet-store-master/src/main/java/me/zhulin/shopapi/service/UserService.java	4
java.util.Collection	./pet-store-master/src/main/java/me/zhulin/shopapi/service/UserService.java	6
org.springframework.boot.SpringApplication	./pet-store-master/src/main/java/me/zhulin/shopapi/ShopApiApplication.java	3
org.springframework.boot.autoconfigure.SpringBootApplication	./pet-store-master/src/main/java/me/zhulin/shopapi/ShopApiApplication.java	4
org.springframework.context.annotation.Bean	./pet-store-master/src/main/java/me/zhulin/shopapi/ShopApiApplication.java	5
org.springframework.security.crypto.bcrypt.BCryptPasswordEncoder	./pet-store-master/src/main/java/me/zhulin/shopapi/ShopApiApplication.java	6
org.springframework.security.crypto.password.PasswordEncoder	./pet-store-master/src/main/java/me/zhulin/shopapi/ShopApiApplication.java	7
org.springframework.security.crypto.password.Pbkdf2PasswordEncoder	./pet-store-master/src/main/java/me/zhulin/shopapi/ShopApiApplication.java	8
org.springframework.web.servlet.config.annotation.CorsRegistry	./pet-store-master/src/main/java/me/zhulin/shopapi/ShopApiApplication.java	9
org.springframework.web.servlet.config.annotation.WebMvcConfigurer	./pet-store-master/src/main/java/me/zhulin/shopapi/ShopApiApplication.java	10
org.springframework.web.servlet.config.annotation.WebMvcConfigurerAdapter	./pet-store-master/src/main/java/me/zhulin/shopapi/ShopApiApplication.java	11
me.zhulin.shopapi.entity.ProductInfo	./pet-store-master/src/main/java/me/zhulin/shopapi/vo/response/CategoryPage.java	3
org.springframework.data.domain.Page	./pet-store-master/src/main/java/me/zhulin/shopapi/vo/response/CategoryPage.java	4
lombok.Data	./pet-store-master/src/main/java/me/zhulin/shopapi/vo/response/JwtResponse.java	3
org.junit.Test	./pet-store-master/src/test/java/me/zhulin/shopapi/api/CartControllerTest.java	3
static org.junit.Assert.*	./pet-store-master/src/test/java/me/zhulin/shopapi/api/CartControllerTest.java	5
me.zhulin.shopapi.entity.Cart	./pet-store-master/src/test/java/me/zhulin/shopapi/service/impl/CartServiceImplTest.java	3
me.zhulin.shopapi.entity.ProductInOrder	./pet-store-master/src/test/java/me/zhulin/shopapi/service/impl/CartServiceImplTest.java	4
me.zhulin.shopapi.entity.User	./pet-store-master/src/test/java/me/zhulin/shopapi/service/impl/CartServiceImplTest.java	5
me.zhulin.shopapi.exception.MyException	./pet-store-master/src/test/java/me/zhulin/shopapi/service/impl/CartServiceImplTest.java	6
me.zhulin.shopapi.repository.CartRepository	./pet-store-master/src/test/java/me/zhulin/shopapi/service/impl/CartServiceImplTest.java	7
me.zhulin.shopapi.repository.OrderRepository	./pet-store-master/src/test/java/me/zhulin/shopapi/service/impl/CartServiceImplTest.java	8
me.zhulin.shopapi.repository.ProductInOrderRepository	./pet-store-master/src/test/java/me/zhulin/shopapi/service/impl/CartServiceImplTest.java	9
me.zhulin.shopapi.service.ProductService	./pet-store-master/src/test/java/me/zhulin/shopapi/service/impl/CartServiceImplTest.java	10
org.junit.Before	./pet-store-master/src/test/java/me/zhulin/shopapi/service/impl/CartServiceImplTest.java	11
org.junit.Test	./pet-store-master/src/test/java/me/zhulin/shopapi/service/impl/CartServiceImplTest.java	12
org.junit.runner.RunWith	./pet-store-master/src/test/java/me/zhulin/shopapi/service/impl/CartServiceImplTest.java	13
org.mockito.InjectMocks	./pet-store-master/src/test/java/me/zhulin/shopapi/service/impl/CartServiceImplTest.java	14
org.mockito.Mock	./pet-store-master/src/test/java/me/zhulin/shopapi/service/impl/CartServiceImplTest.java	15
org.mockito.Mockito	./pet-store-master/src/test/java/me/zhulin/shopapi/service/impl/CartServiceImplTest.java	16
org.springframework.test.context.junit4.SpringRunner	./pet-store-master/src/test/java/me/zhulin/shopapi/service/impl/CartServiceImplTest.java	17
java.math.BigDecimal	./pet-store-master/src/test/java/me/zhulin/shopapi/service/impl/CartServiceImplTest.java	19
java.util.HashSet	./pet-store-master/src/test/java/me/zhulin/shopapi/service/impl/CartServiceImplTest.java	20
java.util.Set	./pet-store-master/src/test/java/me/zhulin/shopapi/service/impl/CartServiceImplTest.java	21
me.zhulin.shopapi.entity.ProductCategory	./pet-store-master/src/test/java/me/zhulin/shopapi/service/impl/CategoryServiceImplTest.java	3
me.zhulin.shopapi.exception.MyException	./pet-store-master/src/test/java/me/zhulin/shopapi/service/impl/CategoryServiceImplTest.java	4
me.zhulin.shopapi.repository.ProductCategoryRepository	./pet-store-master/src/test/java/me/zhulin/shopapi/service/impl/CategoryServiceImplTest.java	5
org.junit.Test	./pet-store-master/src/test/java/me/zhulin/shopapi/service/impl/CategoryServiceImplTest.java	6
org.junit.runner.RunWith	./pet-store-master/src/test/java/me/zhulin/shopapi/service/impl/CategoryServiceImplTest.java	7
org.mockito.InjectMocks	./pet-store-master/src/test/java/me/zhulin/shopapi/service/impl/CategoryServiceImplTest.java	8
org.mockito.Mock	./pet-store-master/src/test/java/me/zhulin/shopapi/service/impl/CategoryServiceImplTest.java	9
org.mockito.Mockito	./pet-store-master/src/test/java/me/zhulin/shopapi/service/impl/CategoryServiceImplTest.java	10
org.springframework.test.context.junit4.SpringRunner	./pet-store-master/src/test/java/me/zhulin/shopapi/service/impl/CategoryServiceImplTest.java	11
me.zhulin.shopapi.entity.OrderMain	./pet-store-master/src/test/java/me/zhulin/shopapi/service/impl/OrderServiceImplTest.java	3
me.zhulin.shopapi.entity.ProductInOrder	./pet-store-master/src/test/java/me/zhulin/shopapi/service/impl/OrderServiceImplTest.java	4
me.zhulin.shopapi.entity.ProductInfo	./pet-store-master/src/test/java/me/zhulin/shopapi/service/impl/OrderServiceImplTest.java	5
me.zhulin.shopapi.enums.OrderStatusEnum	./pet-store-master/src/test/java/me/zhulin/shopapi/service/impl/OrderServiceImplTest.java	6
me.zhulin.shopapi.exception.MyException	./pet-store-master/src/test/java/me/zhulin/shopapi/service/impl/OrderServiceImplTest.java	7
me.zhulin.shopapi.repository.OrderRepository	./pet-store-master/src/test/java/me/zhulin/shopapi/service/impl/OrderServiceImplTest.java	8
me.zhulin.shopapi.repository.ProductInfoRepository	./pet-store-master/src/test/java/me/zhulin/shopapi/service/impl/OrderServiceImplTest.java	9
me.zhulin.shopapi.service.ProductService	./pet-store-master/src/test/java/me/zhulin/shopapi/service/impl/OrderServiceImplTest.java	10
org.junit.Before	./pet-store-master/src/test/java/me/zhulin/shopapi/service/impl/OrderServiceImplTest.java	11
org.junit.Test	./pet-store-master/src/test/java/me/zhulin/shopapi/service/impl/OrderServiceImplTest.java	12
org.junit.runner.RunWith	./pet-store-master/src/test/java/me/zhulin/shopapi/service/impl/OrderServiceImplTest.java	13
org.mockito.InjectMocks	./pet-store-master/src/test/java/me/zhulin/shopapi/service/impl/OrderServiceImplTest.java	14
org.mockito.Mock	./pet-store-master/src/test/java/me/zhulin/shopapi/service/impl/OrderServiceImplTest.java	15
org.springframework.test.context.junit4.SpringRunner	./pet-store-master/src/test/java/me/zhulin/shopapi/service/impl/OrderServiceImplTest.java	16
java.util.HashSet	./pet-store-master/src/test/java/me/zhulin/shopapi/service/impl/OrderServiceImplTest.java	18
java.util.Set	./pet-store-master/src/test/java/me/zhulin/shopapi/service/impl/OrderServiceImplTest.java	19
static org.hamcrest.CoreMatchers.*	./pet-store-master/src/test/java/me/zhulin/shopapi/service/impl/OrderServiceImplTest.java	21
static org.junit.Assert.assertThat	./pet-store-master/src/test/java/me/zhulin/shopapi/service/impl/OrderServiceImplTest.java	22
static org.mockito.Mockito.when	./pet-store-master/src/test/java/me/zhulin/shopapi/service/impl/OrderServiceImplTest.java	23
me.zhulin.shopapi.entity.Cart	./pet-store-master/src/test/java/me/zhulin/shopapi/service/impl/ProductInOrderServiceImplTest.java	3
me.zhulin.shopapi.entity.ProductInOrder	./pet-store-master/src/test/java/me/zhulin/shopapi/service/impl/ProductInOrderServiceImplTest.java	4
me.zhulin.shopapi.entity.User	./pet-store-master/src/test/java/me/zhulin/shopapi/service/impl/ProductInOrderServiceImplTest.java	5
me.zhulin.shopapi.repository.ProductInOrderRepository	./pet-store-master/src/test/java/me/zhulin/shopapi/service/impl/ProductInOrderServiceImplTest.java	6
org.junit.Before	./pet-store-master/src/test/java/me/zhulin/shopapi/service/impl/ProductInOrderServiceImplTest.java	7
org.junit.Test	./pet-store-master/src/test/java/me/zhulin/shopapi/service/impl/ProductInOrderServiceImplTest.java	8
org.junit.runner.RunWith	./pet-store-master/src/test/java/me/zhulin/shopapi/service/impl/ProductInOrderServiceImplTest.java	9
org.mockito.InjectMocks	./pet-store-master/src/test/java/me/zhulin/shopapi/service/impl/ProductInOrderServiceImplTest.java	10
org.mockito.Mock	./pet-store-master/src/test/java/me/zhulin/shopapi/service/impl/ProductInOrderServiceImplTest.java	11
org.mockito.Mockito	./pet-store-master/src/test/java/me/zhulin/shopapi/service/impl/ProductInOrderServiceImplTest.java	12
org.springframework.test.context.junit4.SpringRunner	./pet-store-master/src/test/java/me/zhulin/shopapi/service/impl/ProductInOrderServiceImplTest.java	13
java.math.BigDecimal	./pet-store-master/src/test/java/me/zhulin/shopapi/service/impl/ProductInOrderServiceImplTest.java	15
java.util.HashSet	./pet-store-master/src/test/java/me/zhulin/shopapi/service/impl/ProductInOrderServiceImplTest.java	16
java.util.Set	./pet-store-master/src/test/java/me/zhulin/shopapi/service/impl/ProductInOrderServiceImplTest.java	17
static org.hamcrest.CoreMatchers.is	./pet-store-master/src/test/java/me/zhulin/shopapi/service/impl/ProductInOrderServiceImplTest.java	19
static org.junit.Assert.assertThat	./pet-store-master/src/test/java/me/zhulin/shopapi/service/impl/ProductInOrderServiceImplTest.java	20
me.zhulin.shopapi.entity.ProductInfo	./pet-store-master/src/test/java/me/zhulin/shopapi/service/impl/ProductServiceImplTest.java	3
me.zhulin.shopapi.enums.ProductStatusEnum	./pet-store-master/src/test/java/me/zhulin/shopapi/service/impl/ProductServiceImplTest.java	4
me.zhulin.shopapi.exception.MyException	./pet-store-master/src/test/java/me/zhulin/shopapi/service/impl/ProductServiceImplTest.java	5
me.zhulin.shopapi.repository.ProductInfoRepository	./pet-store-master/src/test/java/me/zhulin/shopapi/service/impl/ProductServiceImplTest.java	6
me.zhulin.shopapi.service.CategoryService	./pet-store-master/src/test/java/me/zhulin/shopapi/service/impl/ProductServiceImplTest.java	7
org.junit.Before	./pet-store-master/src/test/java/me/zhulin/shopapi/service/impl/ProductServiceImplTest.java	8
org.junit.Test	./pet-store-master/src/test/java/me/zhulin/shopapi/service/impl/ProductServiceImplTest.java	9
org.junit.runner.RunWith	./pet-store-master/src/test/java/me/zhulin/shopapi/service/impl/ProductServiceImplTest.java	10
org.mockito.InjectMocks	./pet-store-master/src/test/java/me/zhulin/shopapi/service/impl/ProductServiceImplTest.java	11
org.mockito.Mock	./pet-store-master/src/test/java/me/zhulin/shopapi/service/impl/ProductServiceImplTest.java	12
org.mockito.Mockito	./pet-store-master/src/test/java/me/zhulin/shopapi/service/impl/ProductServiceImplTest.java	13
org.springframework.test.context.junit4.SpringRunner	./pet-store-master/src/test/java/me/zhulin/shopapi/service/impl/ProductServiceImplTest.java	14
static org.mockito.Mockito.when	./pet-store-master/src/test/java/me/zhulin/shopapi/service/impl/ProductServiceImplTest.java	16
me.zhulin.shopapi.entity.User	./pet-store-master/src/test/java/me/zhulin/shopapi/service/impl/UserServiceImplTest.java	3
me.zhulin.shopapi.exception.MyException	./pet-store-master/src/test/java/me/zhulin/shopapi/service/impl/UserServiceImplTest.java	4
me.zhulin.shopapi.repository.CartRepository	./pet-store-master/src/test/java/me/zhulin/shopapi/service/impl/UserServiceImplTest.java	5
me.zhulin.shopapi.repository.UserRepository	./pet-store-master/src/test/java/me/zhulin/shopapi/service/impl/UserServiceImplTest.java	6
org.junit.Before	./pet-store-master/src/test/java/me/zhulin/shopapi/service/impl/UserServiceImplTest.java	7
org.junit.Test	./pet-store-master/src/test/java/me/zhulin/shopapi/service/impl/UserServiceImplTest.java	8
org.junit.runner.RunWith	./pet-store-master/src/test/java/me/zhulin/shopapi/service/impl/UserServiceImplTest.java	9
org.mockito.InjectMocks	./pet-store-master/src/test/java/me/zhulin/shopapi/service/impl/UserServiceImplTest.java	10
org.mockito.Mock	./pet-store-master/src/test/java/me/zhulin/shopapi/service/impl/UserServiceImplTest.java	11
org.mockito.Mockito	./pet-store-master/src/test/java/me/zhulin/shopapi/service/impl/UserServiceImplTest.java	12
org.springframework.security.crypto.password.PasswordEncoder	./pet-store-master/src/test/java/me/zhulin/shopapi/service/impl/UserServiceImplTest.java	13
org.springframework.test.context.junit4.SpringRunner	./pet-store-master/src/test/java/me/zhulin/shopapi/service/impl/UserServiceImplTest.java	14
static org.hamcrest.CoreMatchers.is	./pet-store-master/src/test/java/me/zhulin/shopapi/service/impl/UserServiceImplTest.java	16
static org.junit.Assert.assertThat	./pet-store-master/src/test/java/me/zhulin/shopapi/service/impl/UserServiceImplTest.java	17
static org.mockito.Mockito.when	./pet-store-master/src/test/java/me/zhulin/shopapi/service/impl/UserServiceImplTest.java	18
me.zhulin.shopapi.service.impl.*	./pet-store-master/src/test/java/me/zhulin/shopapi/ShopApiApplicationTests.java	3
org.junit.runner.RunWith	./pet-store-master/src/test/java/me/zhulin/shopapi/ShopApiApplicationTests.java	4
org.junit.runners.Suite	./pet-store-master/src/test/java/me/zhulin/shopapi/ShopApiApplicationTests.java	5
