./pet-store-master/.classpath
./pet-store-master/.gitattributes
./pet-store-master/.gitignore
./pet-store-master/.mvn/wrapper/maven-wrapper.jar
./pet-store-master/.mvn/wrapper/maven-wrapper.properties
./pet-store-master/.travis.yml
./pet-store-master/src/main/java/me/zhulin/shopapi/api/rest-client.env.json
./pet-store-master/src/main/java/me/zhulin/shopapi/api/test.http
./pet-store-master/src/main/resources/application.yml
./pet-store-master/src/main/resources/application-docker.yml
./pet-store-master/target/classes/application.yml
./pet-store-master/target/classes/application-docker.yml
./pet-store-master/target/classes/me/zhulin/shopapi/api/CartController.class
./pet-store-master/target/classes/me/zhulin/shopapi/api/CategoryController.class
./pet-store-master/target/classes/me/zhulin/shopapi/api/OrderController.class
./pet-store-master/target/classes/me/zhulin/shopapi/api/ProductController.class
./pet-store-master/target/classes/me/zhulin/shopapi/api/rest-client.env.json
./pet-store-master/target/classes/me/zhulin/shopapi/api/test.http
./pet-store-master/target/classes/me/zhulin/shopapi/api/UserController.class
./pet-store-master/target/classes/me/zhulin/shopapi/entity/Cart.class
./pet-store-master/target/classes/me/zhulin/shopapi/entity/OrderMain.class
./pet-store-master/target/classes/me/zhulin/shopapi/entity/ProductCategory.class
./pet-store-master/target/classes/me/zhulin/shopapi/entity/ProductInfo.class
./pet-store-master/target/classes/me/zhulin/shopapi/entity/ProductInOrder.class
./pet-store-master/target/classes/me/zhulin/shopapi/entity/User.class
./pet-store-master/target/classes/me/zhulin/shopapi/enums/CodeEnum.class
./pet-store-master/target/classes/me/zhulin/shopapi/enums/OrderStatusEnum.class
./pet-store-master/target/classes/me/zhulin/shopapi/enums/ProductStatusEnum.class
./pet-store-master/target/classes/me/zhulin/shopapi/enums/ResultEnum.class
./pet-store-master/target/classes/me/zhulin/shopapi/exception/MyException.class
./pet-store-master/target/classes/me/zhulin/shopapi/form/ItemForm.class
./pet-store-master/target/classes/me/zhulin/shopapi/repository/CartRepository.class
./pet-store-master/target/classes/me/zhulin/shopapi/repository/OrderRepository.class
./pet-store-master/target/classes/me/zhulin/shopapi/repository/ProductCategoryRepository.class
./pet-store-master/target/classes/me/zhulin/shopapi/repository/ProductInfoRepository.class
./pet-store-master/target/classes/me/zhulin/shopapi/repository/ProductInOrderRepository.class
./pet-store-master/target/classes/me/zhulin/shopapi/repository/UserRepository.class
./pet-store-master/target/classes/me/zhulin/shopapi/security/JWT/JwtEntryPoint.class
./pet-store-master/target/classes/me/zhulin/shopapi/security/JWT/JwtFilter.class
./pet-store-master/target/classes/me/zhulin/shopapi/security/JWT/JwtProvider.class
./pet-store-master/target/classes/me/zhulin/shopapi/security/SpringSecurityConfig.class
./pet-store-master/target/classes/me/zhulin/shopapi/service/CartService.class
./pet-store-master/target/classes/me/zhulin/shopapi/service/CategoryService.class
./pet-store-master/target/classes/me/zhulin/shopapi/service/impl/CartServiceImpl.class
./pet-store-master/target/classes/me/zhulin/shopapi/service/impl/CategoryServiceImpl.class
./pet-store-master/target/classes/me/zhulin/shopapi/service/impl/OrderServiceImpl.class
./pet-store-master/target/classes/me/zhulin/shopapi/service/impl/ProductInOrderServiceImpl.class
./pet-store-master/target/classes/me/zhulin/shopapi/service/impl/ProductServiceImpl.class
./pet-store-master/target/classes/me/zhulin/shopapi/service/impl/UserServiceImpl.class
./pet-store-master/target/classes/me/zhulin/shopapi/service/OrderService.class
./pet-store-master/target/classes/me/zhulin/shopapi/service/ProductInOrderService.class
./pet-store-master/target/classes/me/zhulin/shopapi/service/ProductService.class
./pet-store-master/target/classes/me/zhulin/shopapi/service/UserService.class
./pet-store-master/target/classes/me/zhulin/shopapi/ShopApiApplication$1.class
./pet-store-master/target/classes/me/zhulin/shopapi/ShopApiApplication.class
./pet-store-master/target/classes/me/zhulin/shopapi/vo/request/LoginForm.class
./pet-store-master/target/classes/me/zhulin/shopapi/vo/response/CategoryPage.class
./pet-store-master/target/classes/me/zhulin/shopapi/vo/response/JwtResponse.class
./pet-store-master/target/classes/META-INF/MANIFEST.MF
./pet-store-master/target/classes/META-INF/maven/me.zhulin/shop-api/pom.properties
./pet-store-master/target/classes/META-INF/maven/me.zhulin/shop-api/pom.xml
./pet-store-master/target/test-classes/me/zhulin/shopapi/api/CartControllerTest.class
./pet-store-master/target/test-classes/me/zhulin/shopapi/service/impl/CartServiceImplTest.class
./pet-store-master/target/test-classes/me/zhulin/shopapi/service/impl/CategoryServiceImplTest.class
./pet-store-master/target/test-classes/me/zhulin/shopapi/service/impl/OrderServiceImplTest.class
./pet-store-master/target/test-classes/me/zhulin/shopapi/service/impl/ProductInOrderServiceImplTest.class
./pet-store-master/target/test-classes/me/zhulin/shopapi/service/impl/ProductServiceImplTest.class
./pet-store-master/target/test-classes/me/zhulin/shopapi/service/impl/UserServiceImplTest.class
./pet-store-master/target/test-classes/me/zhulin/shopapi/ShopApiApplicationTests.class
